[2015-12-28 01:06:34] lb build noauto
P: live-build 4.0.3
P: Building config tree for a debian/jessie/amd64 system
[2015-12-28 01:06:34] lb bootstrap 
P: Setting up cleanup function
[2015-12-28 01:06:34] lb bootstrap_cache restore
P: Restoring bootstrap stage from cache...
[2015-12-28 01:06:34] lb bootstrap_cdebootstrap 
[2015-12-28 01:06:35] lb bootstrap_debootstrap 
P: Begin bootstrapping system...
P: If the following stage fails, the most likely cause of the problem is with your mirror configuration or a caching proxy.
P: Running debootstrap (download-only)... 
I: Retrieving Release 
I: Retrieving Release.gpg 
I: Checking Release signature
I: Valid Release signature (key id 75DDC3C4A499F1A18CB5F3C8CBF8D6FD518E17E1)
I: Retrieving Packages 
I: Validating Packages 
I: Resolving dependencies of required packages...
I: Resolving dependencies of base packages...
I: Found additional required dependencies: acl adduser dmsetup insserv libaudit-common libaudit1 libbz2-1.0 libcap2 libcap2-bin libcryptsetup4 libdb5.3 libdebconfclient0 libdevmapper1.02.1 libgcrypt20 libgpg-error0 libkmod2 libncursesw5 libprocps3 libsemanage-common libsemanage1 libslang2 libsystemd0 libudev1 libustr-1.0-1 procps systemd systemd-sysv udev 
I: Found additional base dependencies: libcurl3-gnutls libdns-export100 libffi6 libgmp10 libgnutls-deb0-28 libgnutls-openssl27 libgssapi-krb5-2 libhogweed2 libicu52 libidn11 libirs-export91 libisc-export95 libisccfg-export90 libk5crypto3 libkeyutils1 libkrb5-3 libkrb5support0 libldap-2.4-2 libmnl0 libnetfilter-acct1 libnettle4 libnfnetlink0 libp11-kit0 libpsl0 librtmp1 libsasl2-2 libsasl2-modules-db libssh2-1 libtasn1-6 openssl 
I: Checking component main on https://mirror.cse.unsw.edu.au/debian...
I: Retrieving acl 2.2.52-2
I: Validating acl 2.2.52-2
I: Retrieving libacl1 2.2.52-2
I: Validating libacl1 2.2.52-2
I: Retrieving adduser 3.113+nmu3
I: Validating adduser 3.113+nmu3
I: Retrieving apt 1.0.9.8.1
I: Validating apt 1.0.9.8.1
I: Retrieving apt-transport-https 1.0.9.8.1
I: Validating apt-transport-https 1.0.9.8.1
I: Retrieving apt-utils 1.0.9.8.1
I: Validating apt-utils 1.0.9.8.1
I: Retrieving libapt-inst1.5 1.0.9.8.1
I: Validating libapt-inst1.5 1.0.9.8.1
I: Retrieving libapt-pkg4.12 1.0.9.8.1
I: Validating libapt-pkg4.12 1.0.9.8.1
I: Retrieving libattr1 1:2.4.47-2
I: Validating libattr1 1:2.4.47-2
I: Retrieving libaudit-common 1:2.4-1
I: Validating libaudit-common 1:2.4-1
I: Retrieving libaudit1 1:2.4-1+b1
I: Validating libaudit1 1:2.4-1+b1
I: Retrieving base-files 8+deb8u2
I: Validating base-files 8+deb8u2
I: Retrieving base-passwd 3.5.37
I: Validating base-passwd 3.5.37
I: Retrieving bash 4.3-11+b1
I: Validating bash 4.3-11+b1
I: Retrieving libdns-export100 1:9.9.5.dfsg-9+deb8u2
I: Validating libdns-export100 1:9.9.5.dfsg-9+deb8u2
I: Retrieving libirs-export91 1:9.9.5.dfsg-9+deb8u2
I: Validating libirs-export91 1:9.9.5.dfsg-9+deb8u2
I: Retrieving libisc-export95 1:9.9.5.dfsg-9+deb8u2
I: Validating libisc-export95 1:9.9.5.dfsg-9+deb8u2
I: Retrieving libisccfg-export90 1:9.9.5.dfsg-9+deb8u2
I: Validating libisccfg-export90 1:9.9.5.dfsg-9+deb8u2
I: Retrieving libboost-iostreams1.55.0 1.55.0+dfsg-3
I: Validating libboost-iostreams1.55.0 1.55.0+dfsg-3
I: Retrieving bsdmainutils 9.0.6
I: Validating bsdmainutils 9.0.6
I: Retrieving libbz2-1.0 1.0.6-7+b3
I: Validating libbz2-1.0 1.0.6-7+b3
I: Retrieving ca-certificates 20141019
I: Validating ca-certificates 20141019
I: Retrieving libdebconfclient0 0.192
I: Validating libdebconfclient0 0.192
I: Retrieving coreutils 8.23-4
I: Validating coreutils 8.23-4
I: Retrieving cpio 2.11+dfsg-4.1
I: Validating cpio 2.11+dfsg-4.1
I: Retrieving cron 3.0pl1-127+deb8u1
I: Validating cron 3.0pl1-127+deb8u1
I: Retrieving libcryptsetup4 2:1.6.6-5
I: Validating libcryptsetup4 2:1.6.6-5
I: Retrieving libcurl3-gnutls 7.38.0-4+deb8u2
I: Validating libcurl3-gnutls 7.38.0-4+deb8u2
I: Retrieving libsasl2-2 2.1.26.dfsg1-13
I: Validating libsasl2-2 2.1.26.dfsg1-13
I: Retrieving libsasl2-modules-db 2.1.26.dfsg1-13
I: Validating libsasl2-modules-db 2.1.26.dfsg1-13
I: Retrieving dash 0.5.7-4+b1
I: Validating dash 0.5.7-4+b1
I: Retrieving libdb5.3 5.3.28-9
I: Validating libdb5.3 5.3.28-9
I: Retrieving debconf 1.5.56
I: Validating debconf 1.5.56
I: Retrieving debconf-i18n 1.5.56
I: Validating debconf-i18n 1.5.56
I: Retrieving debian-archive-keyring 2014.3
I: Validating debian-archive-keyring 2014.3
I: Retrieving debianutils 4.4+b1
I: Validating debianutils 4.4+b1
I: Retrieving diffutils 1:3.3-1+b1
I: Validating diffutils 1:3.3-1+b1
I: Retrieving dmidecode 2.12-3
I: Validating dmidecode 2.12-3
I: Retrieving dpkg 1.17.25
I: Validating dpkg 1.17.25
I: Retrieving e2fslibs 1.42.12-1.1
I: Validating e2fslibs 1.42.12-1.1
I: Retrieving e2fsprogs 1.42.12-1.1
I: Validating e2fsprogs 1.42.12-1.1
I: Retrieving libcomerr2 1.42.12-1.1
I: Validating libcomerr2 1.42.12-1.1
I: Retrieving libss2 1.42.12-1.1
I: Validating libss2 1.42.12-1.1
I: Retrieving findutils 4.4.2-9+b1
I: Validating findutils 4.4.2-9+b1
I: Retrieving gcc-4.8-base 4.8.4-1
I: Validating gcc-4.8-base 4.8.4-1
I: Retrieving gcc-4.9-base 4.9.2-10
I: Validating gcc-4.9-base 4.9.2-10
I: Retrieving libgcc1 1:4.9.2-10
I: Validating libgcc1 1:4.9.2-10
I: Retrieving libstdc++6 4.9.2-10
I: Validating libstdc++6 4.9.2-10
I: Retrieving libgdbm3 1.8.3-13.1
I: Validating libgdbm3 1.8.3-13.1
I: Retrieving libc-bin 2.19-18+deb8u1
I: Validating libc-bin 2.19-18+deb8u1
I: Retrieving libc6 2.19-18+deb8u1
I: Validating libc6 2.19-18+deb8u1
I: Retrieving multiarch-support 2.19-18+deb8u1
I: Validating multiarch-support 2.19-18+deb8u1
I: Retrieving libgmp10 2:6.0.0+dfsg-6
I: Validating libgmp10 2:6.0.0+dfsg-6
I: Retrieving gnupg 1.4.18-7
I: Validating gnupg 1.4.18-7
I: Retrieving gpgv 1.4.18-7
I: Validating gpgv 1.4.18-7
I: Retrieving libgnutls-deb0-28 3.3.8-6+deb8u3
I: Validating libgnutls-deb0-28 3.3.8-6+deb8u3
I: Retrieving libgnutls-openssl27 3.3.8-6+deb8u3
I: Validating libgnutls-openssl27 3.3.8-6+deb8u3
I: Retrieving grep 2.20-4.1
I: Validating grep 2.20-4.1
I: Retrieving groff-base 1.22.2-8
I: Validating groff-base 1.22.2-8
I: Retrieving gzip 1.6-4
I: Validating gzip 1.6-4
I: Retrieving hostname 3.15
I: Validating hostname 3.15
I: Retrieving libicu52 52.1-8+deb8u2
I: Validating libicu52 52.1-8+deb8u2
I: Retrieving ifupdown 0.7.53.1
I: Validating ifupdown 0.7.53.1
I: Retrieving init 1.22
I: Validating init 1.22
I: Retrieving init-system-helpers 1.22
I: Validating init-system-helpers 1.22
I: Retrieving insserv 1.14.0-5
I: Validating insserv 1.14.0-5
I: Retrieving iproute2 3.16.0-2
I: Validating iproute2 3.16.0-2
I: Retrieving iptables 1.4.21-2+b1
I: Validating iptables 1.4.21-2+b1
I: Retrieving libxtables10 1.4.21-2+b1
I: Validating libxtables10 1.4.21-2+b1
I: Retrieving iputils-ping 3:20121221-5+b2
I: Validating iputils-ping 3:20121221-5+b2
I: Retrieving isc-dhcp-client 4.3.1-6
I: Validating isc-dhcp-client 4.3.1-6
I: Retrieving isc-dhcp-common 4.3.1-6
I: Validating isc-dhcp-common 4.3.1-6
I: Retrieving libjson-c2 0.11-4
I: Validating libjson-c2 0.11-4
I: Retrieving libkeyutils1 1.5.9-5+b1
I: Validating libkeyutils1 1.5.9-5+b1
I: Retrieving kmod 18-3
I: Validating kmod 18-3
I: Retrieving libkmod2 18-3
I: Validating libkmod2 18-3
I: Retrieving libgssapi-krb5-2 1.12.1+dfsg-19
I: Validating libgssapi-krb5-2 1.12.1+dfsg-19
I: Retrieving libk5crypto3 1.12.1+dfsg-19
I: Validating libk5crypto3 1.12.1+dfsg-19
I: Retrieving libkrb5-3 1.12.1+dfsg-19
I: Validating libkrb5-3 1.12.1+dfsg-19
I: Retrieving libkrb5support0 1.12.1+dfsg-19
I: Validating libkrb5support0 1.12.1+dfsg-19
I: Retrieving less 458-3
I: Validating less 458-3
I: Retrieving libcap2 1:2.24-8
I: Validating libcap2 1:2.24-8
I: Retrieving libcap2-bin 1:2.24-8
I: Validating libcap2-bin 1:2.24-8
I: Retrieving libestr0 0.1.9-1.1
I: Validating libestr0 0.1.9-1.1
I: Retrieving libffi6 3.1-2+b2
I: Validating libffi6 3.1-2+b2
I: Retrieving libgcrypt20 1.6.3-2
I: Validating libgcrypt20 1.6.3-2
I: Retrieving libgpg-error0 1.17-3
I: Validating libgpg-error0 1.17-3
I: Retrieving libidn11 1.29-1+b2
I: Validating libidn11 1.29-1+b2
I: Retrieving liblocale-gettext-perl 1.05-8+b1
I: Validating liblocale-gettext-perl 1.05-8+b1
I: Retrieving liblogging-stdlog0 1.0.4-1
I: Validating liblogging-stdlog0 1.0.4-1
I: Retrieving liblognorm1 1.0.1-3
I: Validating liblognorm1 1.0.1-3
I: Retrieving libmnl0 1.0.3-5
I: Validating libmnl0 1.0.3-5
I: Retrieving libnetfilter-acct1 1.0.2-1.1
I: Validating libnetfilter-acct1 1.0.2-1.1
I: Retrieving libnfnetlink0 1.0.1-3
I: Validating libnfnetlink0 1.0.1-3
I: Retrieving libpipeline1 1.4.0-1
I: Validating libpipeline1 1.4.0-1
I: Retrieving libpsl0 0.5.1-1
I: Validating libpsl0 0.5.1-1
I: Retrieving libselinux1 2.3-2
I: Validating libselinux1 2.3-2
I: Retrieving libsemanage-common 2.3-1
I: Validating libsemanage-common 2.3-1
I: Retrieving libsemanage1 2.3-1+b1
I: Validating libsemanage1 2.3-1+b1
I: Retrieving libsepol1 2.3-2
I: Validating libsepol1 2.3-2
I: Retrieving libsigc++-2.0-0c2a 2.4.0-1
I: Validating libsigc++-2.0-0c2a 2.4.0-1
I: Retrieving libssh2-1 1.4.3-4.1
I: Validating libssh2-1 1.4.3-4.1
I: Retrieving libtasn1-6 4.2-3+deb8u1
I: Validating libtasn1-6 4.2-3+deb8u1
I: Retrieving libtext-charwidth-perl 0.04-7+b3
I: Validating libtext-charwidth-perl 0.04-7+b3
I: Retrieving libtext-iconv-perl 1.7-5+b2
I: Validating libtext-iconv-perl 1.7-5+b2
I: Retrieving libtext-wrapi18n-perl 0.06-7
I: Validating libtext-wrapi18n-perl 0.06-7
I: Retrieving libusb-0.1-4 2:0.1.12-25
I: Validating libusb-0.1-4 2:0.1.12-25
I: Retrieving logrotate 3.8.7-1+b1
I: Validating logrotate 3.8.7-1+b1
I: Retrieving lsb-base 4.1+Debian13+nmu1
I: Validating lsb-base 4.1+Debian13+nmu1
I: Retrieving dmsetup 2:1.02.90-2.2
I: Validating dmsetup 2:1.02.90-2.2
I: Retrieving libdevmapper1.02.1 2:1.02.90-2.2
I: Validating libdevmapper1.02.1 2:1.02.90-2.2
I: Retrieving man-db 2.7.0.2-5
I: Validating man-db 2.7.0.2-5
I: Retrieving manpages 3.74-1
I: Validating manpages 3.74-1
I: Retrieving mawk 1.3.3-17
I: Validating mawk 1.3.3-17
I: Retrieving nano 2.2.6-3
I: Validating nano 2.2.6-3
I: Retrieving libncurses5 5.9+20140913-1+b1
I: Validating libncurses5 5.9+20140913-1+b1
I: Retrieving libncursesw5 5.9+20140913-1+b1
I: Validating libncursesw5 5.9+20140913-1+b1
I: Retrieving libtinfo5 5.9+20140913-1+b1
I: Validating libtinfo5 5.9+20140913-1+b1
I: Retrieving ncurses-base 5.9+20140913-1
I: Validating ncurses-base 5.9+20140913-1
I: Retrieving ncurses-bin 5.9+20140913-1+b1
I: Validating ncurses-bin 5.9+20140913-1+b1
I: Retrieving net-tools 1.60-26+b1
I: Validating net-tools 1.60-26+b1
I: Retrieving netbase 5.3
I: Validating netbase 5.3
I: Retrieving netcat-traditional 1.10-41
I: Validating netcat-traditional 1.10-41
I: Retrieving libhogweed2 2.7.1-5
I: Validating libhogweed2 2.7.1-5
I: Retrieving libnettle4 2.7.1-5
I: Validating libnettle4 2.7.1-5
I: Retrieving libnewt0.52 0.52.17-1+b1
I: Validating libnewt0.52 0.52.17-1+b1
I: Retrieving whiptail 0.52.17-1+b1
I: Validating whiptail 0.52.17-1+b1
I: Retrieving nfacct 1.0.1-1.1
I: Validating nfacct 1.0.1-1.1
I: Retrieving libldap-2.4-2 2.4.40+dfsg-1
I: Validating libldap-2.4-2 2.4.40+dfsg-1
I: Retrieving libssl1.0.0 1.0.1k-3+deb8u1
I: Validating libssl1.0.0 1.0.1k-3+deb8u1
I: Retrieving openssl 1.0.1k-3+deb8u1
I: Validating openssl 1.0.1k-3+deb8u1
I: Retrieving libp11-kit0 0.20.7-1
I: Validating libp11-kit0 0.20.7-1
I: Retrieving libpam-modules 1.1.8-3.1
I: Validating libpam-modules 1.1.8-3.1
I: Retrieving libpam-modules-bin 1.1.8-3.1
I: Validating libpam-modules-bin 1.1.8-3.1
I: Retrieving libpam-runtime 1.1.8-3.1
I: Validating libpam-runtime 1.1.8-3.1
I: Retrieving libpam0g 1.1.8-3.1
I: Validating libpam0g 1.1.8-3.1
I: Retrieving libpcre3 2:8.35-3.3
I: Validating libpcre3 2:8.35-3.3
I: Retrieving perl-base 5.20.2-3+deb8u1
I: Validating perl-base 5.20.2-3+deb8u1
I: Retrieving libpopt0 1.16-10
I: Validating libpopt0 1.16-10
I: Retrieving libprocps3 2:3.3.9-9
I: Validating libprocps3 2:3.3.9-9
I: Retrieving procps 2:3.3.9-9
I: Validating procps 2:3.3.9-9
I: Retrieving libreadline6 6.3-8+b3
I: Validating libreadline6 6.3-8+b3
I: Retrieving readline-common 6.3-8
I: Validating readline-common 6.3-8
I: Retrieving rsyslog 8.4.2-1+deb8u1
I: Validating rsyslog 8.4.2-1+deb8u1
I: Retrieving librtmp1 2.4+20150115.gita107cef-1
I: Validating librtmp1 2.4+20150115.gita107cef-1
I: Retrieving sed 4.2.2-4+b1
I: Validating sed 4.2.2-4+b1
I: Retrieving sensible-utils 0.0.9
I: Validating sensible-utils 0.0.9
I: Retrieving login 1:4.2-3
I: Validating login 1:4.2-3
I: Retrieving passwd 1:4.2-3
I: Validating passwd 1:4.2-3
I: Retrieving libslang2 2.3.0-2
I: Validating libslang2 2.3.0-2
I: Retrieving startpar 0.59-3
I: Validating startpar 0.59-3
I: Retrieving libsystemd0 215-17+deb8u2
I: Validating libsystemd0 215-17+deb8u2
I: Retrieving libudev1 215-17+deb8u2
I: Validating libudev1 215-17+deb8u2
I: Retrieving systemd 215-17+deb8u2
I: Validating systemd 215-17+deb8u2
I: Retrieving systemd-sysv 215-17+deb8u2
I: Validating systemd-sysv 215-17+deb8u2
I: Retrieving udev 215-17+deb8u2
I: Validating udev 215-17+deb8u2
I: Retrieving initscripts 2.88dsf-59
I: Validating initscripts 2.88dsf-59
I: Retrieving sysv-rc 2.88dsf-59
I: Validating sysv-rc 2.88dsf-59
I: Retrieving sysvinit-utils 2.88dsf-59
I: Validating sysvinit-utils 2.88dsf-59
I: Retrieving tar 1.27.1-2+b1
I: Validating tar 1.27.1-2+b1
I: Retrieving tasksel 3.31+deb8u1
I: Validating tasksel 3.31+deb8u1
I: Retrieving tasksel-data 3.31+deb8u1
I: Validating tasksel-data 3.31+deb8u1
I: Retrieving traceroute 1:2.0.20-2+b1
I: Validating traceroute 1:2.0.20-2+b1
I: Retrieving tzdata 2015f-0+deb8u1
I: Validating tzdata 2015f-0+deb8u1
I: Retrieving libustr-1.0-1 1.0.4-3+b2
I: Validating libustr-1.0-1 1.0.4-3+b2
I: Retrieving bsdutils 1:2.25.2-6
I: Validating bsdutils 1:2.25.2-6
I: Retrieving libblkid1 2.25.2-6
I: Validating libblkid1 2.25.2-6
I: Retrieving libmount1 2.25.2-6
I: Validating libmount1 2.25.2-6
I: Retrieving libsmartcols1 2.25.2-6
I: Validating libsmartcols1 2.25.2-6
I: Retrieving libuuid1 2.25.2-6
I: Validating libuuid1 2.25.2-6
I: Retrieving mount 2.25.2-6
I: Validating mount 2.25.2-6
I: Retrieving util-linux 2.25.2-6
I: Validating util-linux 2.25.2-6
I: Retrieving vim-common 2:7.4.488-7
I: Validating vim-common 2:7.4.488-7
I: Retrieving vim-tiny 2:7.4.488-7
I: Validating vim-tiny 2:7.4.488-7
I: Retrieving wget 1.16-1
I: Validating wget 1.16-1
I: Retrieving liblzma5 5.1.1alpha+20120614-2+b3
I: Validating liblzma5 5.1.1alpha+20120614-2+b3
I: Retrieving zlib1g 1:1.2.8.dfsg-2+b1
I: Validating zlib1g 1:1.2.8.dfsg-2+b1
P: If the following stage fails, the most likely cause of the problem is with your mirror configuration or a caching proxy.
P: Running debootstrap... 
I: Retrieving Release 
I: Retrieving Release.gpg 
I: Checking Release signature
I: Valid Release signature (key id 75DDC3C4A499F1A18CB5F3C8CBF8D6FD518E17E1)
I: Validating Packages 
I: Resolving dependencies of required packages...
I: Resolving dependencies of base packages...
I: Found additional required dependencies: acl adduser dmsetup insserv libaudit-common libaudit1 libbz2-1.0 libcap2 libcap2-bin libcryptsetup4 libdb5.3 libdebconfclient0 libdevmapper1.02.1 libgcrypt20 libgpg-error0 libkmod2 libncursesw5 libprocps3 libsemanage-common libsemanage1 libslang2 libsystemd0 libudev1 libustr-1.0-1 procps systemd systemd-sysv udev 
I: Found additional base dependencies: libcurl3-gnutls libdns-export100 libffi6 libgmp10 libgnutls-deb0-28 libgnutls-openssl27 libgssapi-krb5-2 libhogweed2 libicu52 libidn11 libirs-export91 libisc-export95 libisccfg-export90 libk5crypto3 libkeyutils1 libkrb5-3 libkrb5support0 libldap-2.4-2 libmnl0 libnetfilter-acct1 libnettle4 libnfnetlink0 libp11-kit0 libpsl0 librtmp1 libsasl2-2 libsasl2-modules-db libssh2-1 libtasn1-6 openssl 
I: Checking component main on https://mirror.cse.unsw.edu.au/debian...
I: Validating acl 2.2.52-2
I: Validating libacl1 2.2.52-2
I: Validating adduser 3.113+nmu3
I: Validating apt 1.0.9.8.1
I: Validating apt-transport-https 1.0.9.8.1
I: Validating apt-utils 1.0.9.8.1
I: Validating libapt-inst1.5 1.0.9.8.1
I: Validating libapt-pkg4.12 1.0.9.8.1
I: Validating libattr1 1:2.4.47-2
I: Validating libaudit-common 1:2.4-1
I: Validating libaudit1 1:2.4-1+b1
I: Validating base-files 8+deb8u2
I: Validating base-passwd 3.5.37
I: Validating bash 4.3-11+b1
I: Validating libdns-export100 1:9.9.5.dfsg-9+deb8u2
I: Validating libirs-export91 1:9.9.5.dfsg-9+deb8u2
I: Validating libisc-export95 1:9.9.5.dfsg-9+deb8u2
I: Validating libisccfg-export90 1:9.9.5.dfsg-9+deb8u2
I: Validating libboost-iostreams1.55.0 1.55.0+dfsg-3
I: Validating bsdmainutils 9.0.6
I: Validating libbz2-1.0 1.0.6-7+b3
I: Validating ca-certificates 20141019
I: Validating libdebconfclient0 0.192
I: Validating coreutils 8.23-4
I: Validating cpio 2.11+dfsg-4.1
I: Validating cron 3.0pl1-127+deb8u1
I: Validating libcryptsetup4 2:1.6.6-5
I: Validating libcurl3-gnutls 7.38.0-4+deb8u2
I: Validating libsasl2-2 2.1.26.dfsg1-13
I: Validating libsasl2-modules-db 2.1.26.dfsg1-13
I: Validating dash 0.5.7-4+b1
I: Validating libdb5.3 5.3.28-9
I: Validating debconf 1.5.56
I: Validating debconf-i18n 1.5.56
I: Validating debian-archive-keyring 2014.3
I: Validating debianutils 4.4+b1
I: Validating diffutils 1:3.3-1+b1
I: Validating dmidecode 2.12-3
I: Validating dpkg 1.17.25
I: Validating e2fslibs 1.42.12-1.1
I: Validating e2fsprogs 1.42.12-1.1
I: Validating libcomerr2 1.42.12-1.1
I: Validating libss2 1.42.12-1.1
I: Validating findutils 4.4.2-9+b1
I: Validating gcc-4.8-base 4.8.4-1
I: Validating gcc-4.9-base 4.9.2-10
I: Validating libgcc1 1:4.9.2-10
I: Validating libstdc++6 4.9.2-10
I: Validating libgdbm3 1.8.3-13.1
I: Validating libc-bin 2.19-18+deb8u1
I: Validating libc6 2.19-18+deb8u1
I: Validating multiarch-support 2.19-18+deb8u1
I: Validating libgmp10 2:6.0.0+dfsg-6
I: Validating gnupg 1.4.18-7
I: Validating gpgv 1.4.18-7
I: Validating libgnutls-deb0-28 3.3.8-6+deb8u3
I: Validating libgnutls-openssl27 3.3.8-6+deb8u3
I: Validating grep 2.20-4.1
I: Validating groff-base 1.22.2-8
I: Validating gzip 1.6-4
I: Validating hostname 3.15
I: Validating libicu52 52.1-8+deb8u2
I: Validating ifupdown 0.7.53.1
I: Validating init 1.22
I: Validating init-system-helpers 1.22
I: Validating insserv 1.14.0-5
I: Validating iproute2 3.16.0-2
I: Validating iptables 1.4.21-2+b1
I: Validating libxtables10 1.4.21-2+b1
I: Validating iputils-ping 3:20121221-5+b2
I: Validating isc-dhcp-client 4.3.1-6
I: Validating isc-dhcp-common 4.3.1-6
I: Validating libjson-c2 0.11-4
I: Validating libkeyutils1 1.5.9-5+b1
I: Validating kmod 18-3
I: Validating libkmod2 18-3
I: Validating libgssapi-krb5-2 1.12.1+dfsg-19
I: Validating libk5crypto3 1.12.1+dfsg-19
I: Validating libkrb5-3 1.12.1+dfsg-19
I: Validating libkrb5support0 1.12.1+dfsg-19
I: Validating less 458-3
I: Validating libcap2 1:2.24-8
I: Validating libcap2-bin 1:2.24-8
I: Validating libestr0 0.1.9-1.1
I: Validating libffi6 3.1-2+b2
I: Validating libgcrypt20 1.6.3-2
I: Validating libgpg-error0 1.17-3
I: Validating libidn11 1.29-1+b2
I: Validating liblocale-gettext-perl 1.05-8+b1
I: Validating liblogging-stdlog0 1.0.4-1
I: Validating liblognorm1 1.0.1-3
I: Validating libmnl0 1.0.3-5
I: Validating libnetfilter-acct1 1.0.2-1.1
I: Validating libnfnetlink0 1.0.1-3
I: Validating libpipeline1 1.4.0-1
I: Validating libpsl0 0.5.1-1
I: Validating libselinux1 2.3-2
I: Validating libsemanage-common 2.3-1
I: Validating libsemanage1 2.3-1+b1
I: Validating libsepol1 2.3-2
I: Validating libsigc++-2.0-0c2a 2.4.0-1
I: Validating libssh2-1 1.4.3-4.1
I: Validating libtasn1-6 4.2-3+deb8u1
I: Validating libtext-charwidth-perl 0.04-7+b3
I: Validating libtext-iconv-perl 1.7-5+b2
I: Validating libtext-wrapi18n-perl 0.06-7
I: Validating libusb-0.1-4 2:0.1.12-25
I: Validating logrotate 3.8.7-1+b1
I: Validating lsb-base 4.1+Debian13+nmu1
I: Validating dmsetup 2:1.02.90-2.2
I: Validating libdevmapper1.02.1 2:1.02.90-2.2
I: Validating man-db 2.7.0.2-5
I: Validating manpages 3.74-1
I: Validating mawk 1.3.3-17
I: Validating nano 2.2.6-3
I: Validating libncurses5 5.9+20140913-1+b1
I: Validating libncursesw5 5.9+20140913-1+b1
I: Validating libtinfo5 5.9+20140913-1+b1
I: Validating ncurses-base 5.9+20140913-1
I: Validating ncurses-bin 5.9+20140913-1+b1
I: Validating net-tools 1.60-26+b1
I: Validating netbase 5.3
I: Validating netcat-traditional 1.10-41
I: Validating libhogweed2 2.7.1-5
I: Validating libnettle4 2.7.1-5
I: Validating libnewt0.52 0.52.17-1+b1
I: Validating whiptail 0.52.17-1+b1
I: Validating nfacct 1.0.1-1.1
I: Validating libldap-2.4-2 2.4.40+dfsg-1
I: Validating libssl1.0.0 1.0.1k-3+deb8u1
I: Validating openssl 1.0.1k-3+deb8u1
I: Validating libp11-kit0 0.20.7-1
I: Validating libpam-modules 1.1.8-3.1
I: Validating libpam-modules-bin 1.1.8-3.1
I: Validating libpam-runtime 1.1.8-3.1
I: Validating libpam0g 1.1.8-3.1
I: Validating libpcre3 2:8.35-3.3
I: Validating perl-base 5.20.2-3+deb8u1
I: Validating libpopt0 1.16-10
I: Validating libprocps3 2:3.3.9-9
I: Validating procps 2:3.3.9-9
I: Validating libreadline6 6.3-8+b3
I: Validating readline-common 6.3-8
I: Validating rsyslog 8.4.2-1+deb8u1
I: Validating librtmp1 2.4+20150115.gita107cef-1
I: Validating sed 4.2.2-4+b1
I: Validating sensible-utils 0.0.9
I: Validating login 1:4.2-3
I: Validating passwd 1:4.2-3
I: Validating libslang2 2.3.0-2
I: Validating startpar 0.59-3
I: Validating libsystemd0 215-17+deb8u2
I: Validating libudev1 215-17+deb8u2
I: Validating systemd 215-17+deb8u2
I: Validating systemd-sysv 215-17+deb8u2
I: Validating udev 215-17+deb8u2
I: Validating initscripts 2.88dsf-59
I: Validating sysv-rc 2.88dsf-59
I: Validating sysvinit-utils 2.88dsf-59
I: Validating tar 1.27.1-2+b1
I: Validating tasksel 3.31+deb8u1
I: Validating tasksel-data 3.31+deb8u1
I: Validating traceroute 1:2.0.20-2+b1
I: Validating tzdata 2015f-0+deb8u1
I: Validating libustr-1.0-1 1.0.4-3+b2
I: Validating bsdutils 1:2.25.2-6
I: Validating libblkid1 2.25.2-6
I: Validating libmount1 2.25.2-6
I: Validating libsmartcols1 2.25.2-6
I: Validating libuuid1 2.25.2-6
I: Validating mount 2.25.2-6
I: Validating util-linux 2.25.2-6
I: Validating vim-common 2:7.4.488-7
I: Validating vim-tiny 2:7.4.488-7
I: Validating wget 1.16-1
I: Validating liblzma5 5.1.1alpha+20120614-2+b3
I: Validating zlib1g 1:1.2.8.dfsg-2+b1
I: Chosen extractor for .deb packages: dpkg-deb
I: Extracting acl...
I: Extracting libacl1...
I: Extracting adduser...
I: Extracting libattr1...
I: Extracting libaudit-common...
I: Extracting libaudit1...
I: Extracting base-files...
I: Extracting base-passwd...
I: Extracting bash...
I: Extracting libbz2-1.0...
I: Extracting libdebconfclient0...
I: Extracting coreutils...
I: Extracting libcryptsetup4...
I: Extracting dash...
I: Extracting libdb5.3...
I: Extracting debconf...
I: Extracting debconf-i18n...
I: Extracting debianutils...
I: Extracting diffutils...
I: Extracting dpkg...
I: Extracting e2fslibs...
I: Extracting e2fsprogs...
I: Extracting libcomerr2...
I: Extracting libss2...
I: Extracting findutils...
I: Extracting gcc-4.8-base...
I: Extracting gcc-4.9-base...
I: Extracting libgcc1...
I: Extracting libc-bin...
I: Extracting libc6...
I: Extracting multiarch-support...
I: Extracting grep...
I: Extracting gzip...
I: Extracting hostname...
I: Extracting init...
I: Extracting insserv...
I: Extracting libkmod2...
I: Extracting libcap2...
I: Extracting libcap2-bin...
I: Extracting libgcrypt20...
I: Extracting libgpg-error0...
I: Extracting liblocale-gettext-perl...
I: Extracting libselinux1...
I: Extracting libsemanage-common...
I: Extracting libsemanage1...
I: Extracting libsepol1...
I: Extracting libtext-charwidth-perl...
I: Extracting libtext-iconv-perl...
I: Extracting libtext-wrapi18n-perl...
I: Extracting lsb-base...
I: Extracting dmsetup...
I: Extracting libdevmapper1.02.1...
I: Extracting mawk...
I: Extracting libncurses5...
I: Extracting libncursesw5...
I: Extracting libtinfo5...
I: Extracting ncurses-base...
I: Extracting ncurses-bin...
I: Extracting libpam-modules...
I: Extracting libpam-modules-bin...
I: Extracting libpam-runtime...
I: Extracting libpam0g...
I: Extracting libpcre3...
I: Extracting perl-base...
I: Extracting libprocps3...
I: Extracting procps...
I: Extracting sed...
I: Extracting sensible-utils...
I: Extracting login...
I: Extracting passwd...
I: Extracting libslang2...
I: Extracting startpar...
I: Extracting libsystemd0...
I: Extracting libudev1...
I: Extracting systemd...
I: Extracting systemd-sysv...
I: Extracting udev...
I: Extracting initscripts...
I: Extracting sysv-rc...
I: Extracting sysvinit-utils...
I: Extracting tar...
I: Extracting tzdata...
I: Extracting libustr-1.0-1...
I: Extracting bsdutils...
I: Extracting libblkid1...
I: Extracting libmount1...
I: Extracting libsmartcols1...
I: Extracting libuuid1...
I: Extracting mount...
I: Extracting util-linux...
I: Extracting liblzma5...
I: Extracting zlib1g...
I: Installing core packages...
I: Unpacking required packages...
I: Unpacking acl...
I: Unpacking libacl1:amd64...
I: Unpacking adduser...
I: Unpacking libattr1:amd64...
I: Unpacking libaudit-common...
I: Unpacking libaudit1:amd64...
I: Unpacking base-files...
I: Unpacking base-passwd...
I: Unpacking bash...
I: Unpacking libbz2-1.0:amd64...
I: Unpacking libdebconfclient0:amd64...
I: Unpacking coreutils...
I: Unpacking libcryptsetup4:amd64...
I: Unpacking dash...
I: Unpacking libdb5.3:amd64...
I: Unpacking debconf...
I: Unpacking debconf-i18n...
I: Unpacking debianutils...
I: Unpacking diffutils...
I: Unpacking dpkg...
I: Unpacking e2fslibs:amd64...
I: Unpacking e2fsprogs...
I: Unpacking libcomerr2:amd64...
I: Unpacking libss2:amd64...
I: Unpacking findutils...
I: Unpacking gcc-4.8-base:amd64...
I: Unpacking gcc-4.9-base:amd64...
I: Unpacking libgcc1:amd64...
I: Unpacking libc-bin...
I: Unpacking libc6:amd64...
I: Unpacking multiarch-support...
I: Unpacking grep...
I: Unpacking gzip...
I: Unpacking hostname...
I: Unpacking init...
I: Unpacking insserv...
I: Unpacking libkmod2:amd64...
I: Unpacking libcap2:amd64...
I: Unpacking libcap2-bin...
I: Unpacking libgcrypt20:amd64...
I: Unpacking libgpg-error0:amd64...
I: Unpacking liblocale-gettext-perl...
I: Unpacking libselinux1:amd64...
I: Unpacking libsemanage-common...
I: Unpacking libsemanage1:amd64...
I: Unpacking libsepol1:amd64...
I: Unpacking libtext-charwidth-perl...
I: Unpacking libtext-iconv-perl...
I: Unpacking libtext-wrapi18n-perl...
I: Unpacking lsb-base...
I: Unpacking dmsetup...
I: Unpacking libdevmapper1.02.1:amd64...
I: Unpacking mawk...
I: Unpacking libncurses5:amd64...
I: Unpacking libncursesw5:amd64...
I: Unpacking libtinfo5:amd64...
I: Unpacking ncurses-base...
I: Unpacking ncurses-bin...
I: Unpacking libpam-modules:amd64...
I: Unpacking libpam-modules-bin...
I: Unpacking libpam-runtime...
I: Unpacking libpam0g:amd64...
I: Unpacking libpcre3:amd64...
I: Unpacking perl-base...
I: Unpacking libprocps3:amd64...
I: Unpacking procps...
I: Unpacking sed...
I: Unpacking sensible-utils...
I: Unpacking login...
I: Unpacking passwd...
I: Unpacking libslang2:amd64...
I: Unpacking startpar...
I: Unpacking libsystemd0:amd64...
I: Unpacking libudev1:amd64...
I: Unpacking systemd...
I: Unpacking systemd-sysv...
I: Unpacking udev...
I: Unpacking initscripts...
I: Unpacking sysv-rc...
I: Unpacking sysvinit-utils...
I: Unpacking tar...
I: Unpacking tzdata...
I: Unpacking libustr-1.0-1:amd64...
I: Unpacking bsdutils...
I: Unpacking libblkid1:amd64...
I: Unpacking libmount1:amd64...
I: Unpacking libsmartcols1:amd64...
I: Unpacking libuuid1:amd64...
I: Unpacking mount...
I: Unpacking util-linux...
I: Unpacking liblzma5:amd64...
I: Unpacking zlib1g:amd64...
I: Configuring required packages...
I: Configuring gcc-4.8-base:amd64...
I: Configuring lsb-base...
I: Configuring sensible-utils...
I: Configuring ncurses-base...
I: Configuring libsemanage-common...
I: Configuring gcc-4.9-base:amd64...
I: Configuring libaudit-common...
I: Configuring libc6:amd64...
I: Configuring startpar...
I: Configuring diffutils...
I: Configuring insserv...
I: Configuring findutils...
I: Configuring debianutils...
I: Configuring hostname...
I: Configuring multiarch-support...
I: Configuring mawk...
I: Configuring libprocps3:amd64...
I: Configuring libpcre3:amd64...
I: Configuring libbz2-1.0:amd64...
I: Configuring libkmod2:amd64...
I: Configuring libgpg-error0:amd64...
I: Configuring base-files...
I: Configuring libdebconfclient0:amd64...
I: Configuring libselinux1:amd64...
I: Configuring libcomerr2:amd64...
I: Configuring libslang2:amd64...
I: Configuring libsepol1:amd64...
I: Configuring libgcc1:amd64...
I: Configuring libustr-1.0-1:amd64...
I: Configuring libsmartcols1:amd64...
I: Configuring libaudit1:amd64...
I: Configuring libtinfo5:amd64...
I: Configuring libudev1:amd64...
I: Configuring libattr1:amd64...
I: Configuring libss2:amd64...
I: Configuring liblzma5:amd64...
I: Configuring base-passwd...
I: Configuring e2fslibs:amd64...
I: Configuring libgcrypt20:amd64...
I: Configuring libncursesw5:amd64...
I: Configuring libdb5.3:amd64...
I: Configuring zlib1g:amd64...
I: Configuring libcap2:amd64...
I: Configuring libsystemd0:amd64...
I: Configuring libdevmapper1.02.1:amd64...
I: Configuring libc-bin...
I: Configuring libsemanage1:amd64...
I: Configuring sysvinit-utils...
I: Configuring libacl1:amd64...
I: Configuring ncurses-bin...
I: Configuring acl...
I: Configuring libncurses5:amd64...
I: Configuring libcap2-bin...
I: Configuring bsdutils...
I: Configuring coreutils...
I: Configuring tar...
I: Configuring dpkg...
I: Configuring sed...
I: Configuring perl-base...
I: Configuring grep...
I: Configuring debconf...
I: Configuring tzdata...
I: Configuring gzip...
I: Configuring dash...
I: Configuring libtext-iconv-perl...
I: Configuring sysv-rc...
I: Configuring liblocale-gettext-perl...
I: Configuring libtext-charwidth-perl...
I: Configuring libpam0g:amd64...
I: Configuring libpam-modules-bin...
I: Configuring bash...
I: Configuring libtext-wrapi18n-perl...
I: Configuring libpam-modules:amd64...
I: Configuring libpam-runtime...
I: Configuring debconf-i18n...
I: Configuring passwd...
I: Configuring login...
I: Configuring adduser...
I: Configuring libuuid1:amd64...
I: Configuring libblkid1:amd64...
I: Configuring libmount1:amd64...
I: Configuring libcryptsetup4:amd64...
I: Configuring mount...
I: Configuring initscripts...
I: Configuring util-linux...
I: Configuring e2fsprogs...
I: Configuring procps...
I: Configuring udev...
I: Configuring systemd...
I: Configuring dmsetup...
I: Configuring systemd-sysv...
I: Configuring init...
I: Configuring libc-bin...
I: Unpacking the base system...
I: Unpacking apt...
I: Unpacking apt-transport-https...
I: Unpacking apt-utils...
I: Unpacking libapt-inst1.5:amd64...
I: Unpacking libapt-pkg4.12:amd64...
I: Unpacking libdns-export100...
I: Unpacking libirs-export91...
I: Unpacking libisc-export95...
I: Unpacking libisccfg-export90...
I: Unpacking libboost-iostreams1.55.0:amd64...
I: Unpacking bsdmainutils...
I: Unpacking ca-certificates...
I: Unpacking cpio...
I: Unpacking cron...
I: Unpacking libcurl3-gnutls:amd64...
I: Unpacking libsasl2-2:amd64...
I: Unpacking libsasl2-modules-db:amd64...
I: Unpacking debian-archive-keyring...
I: Unpacking dmidecode...
I: Unpacking libstdc++6:amd64...
I: Unpacking libgdbm3:amd64...
I: Unpacking libgmp10:amd64...
I: Unpacking gnupg...
I: Unpacking gpgv...
I: Unpacking libgnutls-deb0-28:amd64...
I: Unpacking libgnutls-openssl27:amd64...
I: Unpacking groff-base...
I: Unpacking libicu52:amd64...
I: Unpacking ifupdown...
I: Unpacking init-system-helpers...
I: Unpacking iproute2...
I: Unpacking iptables...
I: Unpacking libxtables10...
I: Unpacking iputils-ping...
I: Unpacking isc-dhcp-client...
I: Unpacking isc-dhcp-common...
I: Unpacking libjson-c2:amd64...
I: Unpacking libkeyutils1:amd64...
I: Unpacking kmod...
I: Unpacking libgssapi-krb5-2:amd64...
I: Unpacking libk5crypto3:amd64...
I: Unpacking libkrb5-3:amd64...
I: Unpacking libkrb5support0:amd64...
I: Unpacking less...
I: Unpacking libestr0...
I: Unpacking libffi6:amd64...
I: Unpacking libidn11:amd64...
I: Unpacking liblogging-stdlog0:amd64...
I: Unpacking liblognorm1:amd64...
I: Unpacking libmnl0:amd64...
I: Unpacking libnetfilter-acct1:amd64...
I: Unpacking libnfnetlink0:amd64...
I: Unpacking libpipeline1:amd64...
I: Unpacking libpsl0:amd64...
I: Unpacking libsigc++-2.0-0c2a:amd64...
I: Unpacking libssh2-1:amd64...
I: Unpacking libtasn1-6:amd64...
I: Unpacking libusb-0.1-4:amd64...
I: Unpacking logrotate...
I: Unpacking man-db...
I: Unpacking manpages...
I: Unpacking nano...
I: Unpacking net-tools...
I: Unpacking netbase...
I: Unpacking netcat-traditional...
I: Unpacking libhogweed2:amd64...
I: Unpacking libnettle4:amd64...
I: Unpacking libnewt0.52:amd64...
I: Unpacking whiptail...
I: Unpacking nfacct...
I: Unpacking libldap-2.4-2:amd64...
I: Unpacking libssl1.0.0:amd64...
I: Unpacking openssl...
I: Unpacking libp11-kit0:amd64...
I: Unpacking libpopt0:amd64...
I: Unpacking libreadline6:amd64...
I: Unpacking readline-common...
I: Unpacking rsyslog...
I: Unpacking librtmp1:amd64...
I: Unpacking tasksel...
I: Unpacking tasksel-data...
I: Unpacking traceroute...
I: Unpacking vim-common...
I: Unpacking vim-tiny...
I: Unpacking wget...
I: Configuring the base system...
I: Configuring readline-common...
I: Configuring libgdbm3:amd64...
I: Configuring manpages...
I: Configuring libxtables10...
I: Configuring cpio...
I: Configuring libpopt0:amd64...
I: Configuring kmod...
I: Configuring libestr0...
I: Configuring less...
I: Configuring libssl1.0.0:amd64...
I: Configuring dmidecode...
I: Configuring gpgv...
I: Configuring libsasl2-modules-db:amd64...
I: Configuring liblogging-stdlog0:amd64...
I: Configuring libsasl2-2:amd64...
I: Configuring netcat-traditional...
I: Configuring libpipeline1:amd64...
I: Configuring iproute2...
I: Configuring libtasn1-6:amd64...
I: Configuring nano...
I: Configuring libgmp10:amd64...
I: Configuring libisc-export95...
I: Configuring libssh2-1:amd64...
I: Configuring init-system-helpers...
I: Configuring libnettle4:amd64...
I: Configuring debian-archive-keyring...
I: Configuring openssl...
I: Configuring vim-common...
I: Configuring libnfnetlink0:amd64...
I: Configuring libstdc++6:amd64...
I: Configuring libffi6:amd64...
I: Configuring libkeyutils1:amd64...
I: Configuring libnewt0.52:amd64...
I: Configuring bsdmainutils...
I: Configuring net-tools...
I: Configuring ca-certificates...
I: Configuring cron...
I: Configuring libmnl0:amd64...
I: Configuring libapt-pkg4.12:amd64...
I: Configuring libusb-0.1-4:amd64...
I: Configuring traceroute...
I: Configuring logrotate...
I: Configuring libidn11:amd64...
I: Configuring libreadline6:amd64...
I: Configuring libjson-c2:amd64...
I: Configuring libicu52:amd64...
I: Configuring netbase...
I: Configuring vim-tiny...
I: Configuring libhogweed2:amd64...
I: Configuring ifupdown...
I: Configuring libisccfg-export90...
I: Configuring libsigc++-2.0-0c2a:amd64...
I: Configuring groff-base...
I: Configuring liblognorm1:amd64...
I: Configuring whiptail...
I: Configuring gnupg...
I: Configuring libpsl0:amd64...
I: Configuring libboost-iostreams1.55.0:amd64...
I: Configuring libdns-export100...
I: Configuring libkrb5support0:amd64...
I: Configuring iptables...
I: Configuring libapt-inst1.5:amd64...
I: Configuring libp11-kit0:amd64...
I: Configuring libgnutls-deb0-28:amd64...
I: Configuring wget...
I: Configuring apt...
I: Configuring man-db...
I: Configuring libnetfilter-acct1:amd64...
I: Configuring rsyslog...
I: Configuring libk5crypto3:amd64...
I: Configuring nfacct...
I: Configuring apt-utils...
I: Configuring libirs-export91...
I: Configuring librtmp1:amd64...
I: Configuring libldap-2.4-2:amd64...
I: Configuring libgnutls-openssl27:amd64...
I: Configuring libkrb5-3:amd64...
I: Configuring iputils-ping...
I: Configuring isc-dhcp-common...
I: Configuring isc-dhcp-client...
I: Configuring libgssapi-krb5-2:amd64...
I: Configuring libcurl3-gnutls:amd64...
I: Configuring apt-transport-https...
I: Configuring tasksel...
I: Configuring tasksel-data...
I: Configuring libc-bin...
I: Configuring systemd...
I: Configuring ca-certificates...
I: Base system installed successfully.
[2015-12-28 01:32:12] lb bootstrap_archive-keys 
Ign http://ftp.us.debian.org jessie InRelease
Hit http://ftp.us.debian.org jessie Release.gpg
Hit http://ftp.us.debian.org jessie Release
Get:1 http://ftp.us.debian.org jessie/main amd64 Packages [6764 kB]
Get:2 http://ftp.us.debian.org jessie/main Translation-en [4585 kB]
Fetched 11.3 MB in 13s (811 kB/s)
Reading package lists...
[2015-12-28 01:32:34] lb bootstrap_cache save
P: Saving bootstrap stage to cache...
[2015-12-28 01:32:39] lb chroot_devpts install
P: Begin mounting /dev/pts...
[2015-12-28 01:32:39] lb chroot_proc install
P: Begin mounting /proc...
[2015-12-28 01:32:40] lb chroot_selinuxfs install
[2015-12-28 01:32:41] lb chroot_sysfs install
P: Begin mounting /sys...
[2015-12-28 01:32:41] lb chroot_debianchroot install
P: Configuring file /etc/debian_chroot
[2015-12-28 01:32:42] lb chroot_dpkg install
P: Configuring file /sbin/start-stop-daemon
[2015-12-28 01:32:43] lb chroot_tmpfs install
[2015-12-28 01:32:43] lb chroot_sysv-rc install
P: Configuring file /usr/sbin/policy-rc.d
[2015-12-28 01:32:43] lb chroot_upstart install
[2015-12-28 01:32:44] lb chroot_hosts install
P: Configuring file /etc/hosts
[2015-12-28 01:32:44] lb chroot_resolv install
P: Configuring file /etc/resolv.conf
[2015-12-28 01:32:44] lb chroot_hostname install
P: Configuring file /etc/hostname
P: Configuring file /bin/hostname
[2015-12-28 01:32:45] lb chroot_apt install
P: Configuring file /etc/apt/apt.conf
[2015-12-28 01:32:45] lb bootstrap_archives binary
P: Configuring file /etc/apt/sources.list
deb https://cmotc.github.io/apt-git/debian/ testing main

#deb https://mirror.cse.unsw.edu.au/debian/ jessie main
#deb-src https://mirror.cse.unsw.edu.au/debian/ jessie main
deb https://mirror.cse.unsw.edu.au/debian-security/ jessie/updates main
deb https://mirror.cse.unsw.edu.au/debian/ jessie-updates main
deb https://mirror.cse.unsw.edu.au/debian/ sid main
deb https://mirror.cse.unsw.edu.au/debian/ experimental main

deb http://deb.i2p2.no/ unstable main

deb http://download.opensuse.org/repositories/home:/p_conrad:/coins/Debian_8.0/ /

deb http://deb.torproject.org/torproject.org jessie main

deb https://pkg.tox.chat/debian nightly main

OK
OK
OK
OK
gpg: invalid armor header: mQINBFXdO3gBEACqWlQwfsrA27J8H46OQMjsKHUIfDqOdcXptofSpg7DJkyvQQPp\n
P: Begin unmounting filesystems...
P: Saving caches...
Reading package lists...
Building dependency tree...
